e:\projectfiles\visualstudio\dereksoftrenderer-git\dereksoftrenderer\x64\debug\vc143.pdb
e:\projectfiles\visualstudio\dereksoftrenderer-git\dereksoftrenderer\x64\debug\vc143.idb
e:\projectfiles\visualstudio\dereksoftrenderer-git\dereksoftrenderer\x64\debug\main.obj
e:\projectfiles\visualstudio\dereksoftrenderer-git\dereksoftrenderer\x64\debug\renderer.obj
e:\projectfiles\visualstudio\dereksoftrenderer-git\dereksoftrenderer\x64\debug\scene.obj
e:\projectfiles\visualstudio\dereksoftrenderer-git\dereksoftrenderer\x64\debug\meshobject.obj
e:\projectfiles\visualstudio\dereksoftrenderer-git\dereksoftrenderer\x64\debug\camera.obj
e:\projectfiles\visualstudio\dereksoftrenderer-git\dereksoftrenderer\x64\debug\triangle.obj
e:\projectfiles\visualstudio\dereksoftrenderer-git\dereksoftrenderer\x64\debug\shader.obj
e:\projectfiles\visualstudio\dereksoftrenderer-git\dereksoftrenderer\x64\debug\material.obj
e:\projectfiles\visualstudio\dereksoftrenderer-git\dereksoftrenderer\x64\debug\object.obj
e:\projectfiles\visualstudio\dereksoftrenderer-git\dereksoftrenderer\x64\debug\renderersettings.obj
e:\projectfiles\visualstudio\dereksoftrenderer-git\x64\debug\dereksoftwarerasterizer.exe
e:\projectfiles\visualstudio\dereksoftrenderer-git\x64\debug\dereksoftwarerasterizer.pdb
e:\projectfiles\visualstudio\dereksoftrenderer-git\dereksoftrenderer\x64\debug\dereksoftwarerasterizer.ilk
e:\projectfiles\visualstudio\dereksoftrenderer-git\dereksoftrenderer\x64\debug\dereksof.2a0d409b.tlog\cl.command.1.tlog
e:\projectfiles\visualstudio\dereksoftrenderer-git\dereksoftrenderer\x64\debug\dereksof.2a0d409b.tlog\cl.items.tlog
e:\projectfiles\visualstudio\dereksoftrenderer-git\dereksoftrenderer\x64\debug\dereksof.2a0d409b.tlog\cl.read.1.tlog
e:\projectfiles\visualstudio\dereksoftrenderer-git\dereksoftrenderer\x64\debug\dereksof.2a0d409b.tlog\cl.write.1.tlog
e:\projectfiles\visualstudio\dereksoftrenderer-git\dereksoftrenderer\x64\debug\dereksof.2a0d409b.tlog\link.command.1.tlog
e:\projectfiles\visualstudio\dereksoftrenderer-git\dereksoftrenderer\x64\debug\dereksof.2a0d409b.tlog\link.read.1.tlog
e:\projectfiles\visualstudio\dereksoftrenderer-git\dereksoftrenderer\x64\debug\dereksof.2a0d409b.tlog\link.secondary.1.tlog
e:\projectfiles\visualstudio\dereksoftrenderer-git\dereksoftrenderer\x64\debug\dereksof.2a0d409b.tlog\link.write.1.tlog
